18-Jul-2024 14:08:13.643 INFO [main] org.apache.catalina.startup.VersionLoggerListener.log 서버 버전 이름:    Apache Tomcat/10.1.25
18-Jul-2024 14:08:13.646 INFO [main] org.apache.catalina.startup.VersionLoggerListener.log Server 빌드 시각:  Jun 14 2024 19:31:59 UTC
18-Jul-2024 14:08:13.646 INFO [main] org.apache.catalina.startup.VersionLoggerListener.log Server 버전 번호:  10.1.25.0
18-Jul-2024 14:08:13.646 INFO [main] org.apache.catalina.startup.VersionLoggerListener.log 운영체제 이름:     Windows 11
18-Jul-2024 14:08:13.646 INFO [main] org.apache.catalina.startup.VersionLoggerListener.log 운영체제 버전:     10.0
18-Jul-2024 14:08:13.646 INFO [main] org.apache.catalina.startup.VersionLoggerListener.log 아키텍처:          amd64
18-Jul-2024 14:08:13.646 INFO [main] org.apache.catalina.startup.VersionLoggerListener.log 자바 홈:           C:\Program Files\Java\jdk-17
18-Jul-2024 14:08:13.646 INFO [main] org.apache.catalina.startup.VersionLoggerListener.log JVM 버전:          17.0.10+11-LTS-240
18-Jul-2024 14:08:13.646 INFO [main] org.apache.catalina.startup.VersionLoggerListener.log JVM 벤더:          Oracle Corporation
18-Jul-2024 14:08:13.646 INFO [main] org.apache.catalina.startup.VersionLoggerListener.log CATALINA_BASE:     D:\lecture\SpringFramework\_19_Spring_Board_Default
18-Jul-2024 14:08:13.646 INFO [main] org.apache.catalina.startup.VersionLoggerListener.log CATALINA_HOME:     C:\devTools\apache-tomcat-10.1.25
18-Jul-2024 14:08:13.652 INFO [main] org.apache.catalina.startup.VersionLoggerListener.log 명령 행 아규먼트:  --add-opens=java.base/java.lang=ALL-UNNAMED
18-Jul-2024 14:08:13.652 INFO [main] org.apache.catalina.startup.VersionLoggerListener.log 명령 행 아규먼트:  --add-opens=java.base/java.io=ALL-UNNAMED
18-Jul-2024 14:08:13.653 INFO [main] org.apache.catalina.startup.VersionLoggerListener.log 명령 행 아규먼트:  --add-opens=java.base/java.util=ALL-UNNAMED
18-Jul-2024 14:08:13.653 INFO [main] org.apache.catalina.startup.VersionLoggerListener.log 명령 행 아규먼트:  --add-opens=java.base/java.util.concurrent=ALL-UNNAMED
18-Jul-2024 14:08:13.653 INFO [main] org.apache.catalina.startup.VersionLoggerListener.log 명령 행 아규먼트:  --add-opens=java.rmi/sun.rmi.transport=ALL-UNNAMED
18-Jul-2024 14:08:13.653 INFO [main] org.apache.catalina.startup.VersionLoggerListener.log 명령 행 아규먼트:  -Dfile.encoding=UTF-8
18-Jul-2024 14:08:13.653 INFO [main] org.apache.catalina.startup.VersionLoggerListener.log 명령 행 아규먼트:  -Dcatalina.home=C:\devTools\apache-tomcat-10.1.25
18-Jul-2024 14:08:13.653 INFO [main] org.apache.catalina.startup.VersionLoggerListener.log 명령 행 아규먼트:  -Dcatalina.base=D:\lecture\SpringFramework\_19_Spring_Board_Default
18-Jul-2024 14:08:13.653 INFO [main] org.apache.catalina.startup.VersionLoggerListener.log 명령 행 아규먼트:  -Djava.io.tmpdir=D:\lecture\SpringFramework\_19_Spring_Board_Default\temp
18-Jul-2024 14:08:13.653 INFO [main] org.apache.catalina.startup.VersionLoggerListener.log 명령 행 아규먼트:  -Djava.util.logging.config.file=D:\lecture\SpringFramework\_19_Spring_Board_Default\conf\logging.properties
18-Jul-2024 14:08:13.653 INFO [main] org.apache.catalina.startup.VersionLoggerListener.log 명령 행 아규먼트:  -Djava.util.logging.manager=org.apache.juli.ClassLoaderLogManager
18-Jul-2024 14:08:13.653 INFO [main] org.apache.catalina.startup.VersionLoggerListener.log 명령 행 아규먼트:  -javaagent:C:\Program Files\JetBrains\IntelliJ IDEA 2024.1\lib\idea_rt.jar=53299:C:\Program Files\JetBrains\IntelliJ IDEA 2024.1\bin
18-Jul-2024 14:08:13.655 INFO [main] org.apache.catalina.core.AprLifecycleListener.lifecycleEvent APR 버전 [1.7.4]을(를) 사용한, APR 기반 Apache Tomcat Native 라이브러리 [2.0.7]을(를) 로드했습니다.
18-Jul-2024 14:08:13.658 INFO [main] org.apache.catalina.core.AprLifecycleListener.initializeSSL OpenSSL이 성공적으로 초기화되었습니다: [OpenSSL 3.0.13 30 Jan 2024]
18-Jul-2024 14:08:13.770 INFO [main] org.apache.coyote.AbstractProtocol.init 프로토콜 핸들러 ["http-nio-8090"]을(를) 초기화합니다.
18-Jul-2024 14:08:13.781 INFO [main] org.apache.catalina.startup.Catalina.load [250] 밀리초 내에 서버가 초기화되었습니다.
18-Jul-2024 14:08:13.806 INFO [main] org.apache.catalina.core.StandardService.startInternal 서비스 [Catalina]을(를) 시작합니다.
18-Jul-2024 14:08:13.806 INFO [main] org.apache.catalina.core.StandardEngine.startInternal 서버 엔진을 시작합니다: [Apache Tomcat/10.1.25]
18-Jul-2024 14:08:13.813 INFO [main] org.apache.catalina.startup.HostConfig.deployDescriptor 배치 descriptor [D:\lecture\SpringFramework\_19_Spring_Board_Default\conf\Catalina\localhost\ROOT.xml]을(를) 배치합니다.
18-Jul-2024 14:08:15.077 INFO [main] org.apache.jasper.servlet.TldScanner.scanJars 적어도 하나의 JAR가 TLD들을 찾기 위해 스캔되었으나 아무 것도 찾지 못했습니다. 스캔했으나 TLD가 없는 JAR들의 전체 목록을 보시려면, 로그 레벨을 디버그 레벨로 설정하십시오. 스캔 과정에서 불필요한 JAR들을 건너뛰면, 시스템 시작 시간과 JSP 컴파일 시간을 단축시킬 수 있습니다.
18-Jul-2024 14:08:15.116 INFO [main] org.springframework.web.context.ContextLoader.initWebApplicationContext Root WebApplicationContext: initialization started
18-Jul-2024 14:08:15.893 INFO [main] org.springframework.web.context.ContextLoader.initWebApplicationContext Root WebApplicationContext initialized in 776 ms
18-Jul-2024 14:08:15.922 INFO [main] org.springframework.web.servlet.FrameworkServlet.initServletBean Initializing Servlet 'appServlet'
18-Jul-2024 14:08:16.344 INFO [main] org.springframework.web.servlet.FrameworkServlet.initServletBean Completed initialization in 422 ms
18-Jul-2024 14:08:16.352 INFO [main] org.apache.catalina.startup.HostConfig.deployDescriptor 배치 descriptor [D:\lecture\SpringFramework\_19_Spring_Board_Default\conf\Catalina\localhost\ROOT.xml]의 배치가 [2,538] 밀리초 내에 완료되었습니다.
18-Jul-2024 14:08:16.354 INFO [main] org.apache.coyote.AbstractProtocol.start 프로토콜 핸들러 ["http-nio-8090"]을(를) 시작합니다.
18-Jul-2024 14:08:16.374 INFO [main] org.apache.catalina.startup.Catalina.start 서버가 [2593] 밀리초 내에 시작되었습니다.
18-Jul-2024 14:08:33.009 INFO [Thread-1] org.apache.coyote.AbstractProtocol.pause 프로토콜 핸들러 ["http-nio-8090"]을(를) 일시 정지 중
18-Jul-2024 14:08:33.097 INFO [Thread-1] org.apache.catalina.core.StandardService.stopInternal 서비스 [Catalina]을(를) 중지시킵니다.
18-Jul-2024 14:08:33.103 WARNING [Thread-1] org.apache.catalina.loader.WebappClassLoaderBase.clearReferencesJdbc 웹 애플리케이션 [ROOT]이(가) JDBC 드라이버 [com.mysql.cj.jdbc.Driver]을(를) 등록했지만, 웹 애플리케이션이 중지될 때, 해당 JDBC 드라이버의 등록을 제거하지 못했습니다. 메모리 누수를 방지하기 위하여, 등록을 강제로 제거했습니다.
18-Jul-2024 14:08:33.103 WARNING [Thread-1] org.apache.catalina.loader.WebappClassLoaderBase.clearReferencesThreads 웹 애플리케이션 [ROOT]이(가) [mysql-cj-abandoned-connection-cleanup](이)라는 이름의 쓰레드를 시작시킨 것으로 보이지만, 해당 쓰레드를 중지시키지 못했습니다. 이는 메모리 누수를 유발할 가능성이 큽니다. 해당 쓰레드의 스택 트레이스:
 java.base@17.0.10/java.lang.Object.wait(Native Method)
 java.base@17.0.10/java.lang.ref.ReferenceQueue.remove(ReferenceQueue.java:155)
 com.mysql.cj.jdbc.AbandonedConnectionCleanupThread.run(AbandonedConnectionCleanupThread.java:93)
 java.base@17.0.10/java.util.concurrent.ThreadPoolExecutor.runWorker(ThreadPoolExecutor.java:1136)
 java.base@17.0.10/java.util.concurrent.ThreadPoolExecutor$Worker.run(ThreadPoolExecutor.java:635)
 java.base@17.0.10/java.lang.Thread.run(Thread.java:842)
18-Jul-2024 14:08:33.107 INFO [Thread-1] org.apache.coyote.AbstractProtocol.stop 프로토콜 핸들러 ["http-nio-8090"]을(를) 중지시킵니다.
18-Jul-2024 14:08:33.109 INFO [Thread-1] org.apache.coyote.AbstractProtocol.destroy 프로토콜 핸들러 ["http-nio-8090"]을(를) 소멸시킵니다.
18-Jul-2024 14:09:12.462 INFO [main] org.apache.catalina.startup.VersionLoggerListener.log 서버 버전 이름:    Apache Tomcat/10.1.25
18-Jul-2024 14:09:12.465 INFO [main] org.apache.catalina.startup.VersionLoggerListener.log Server 빌드 시각:  Jun 14 2024 19:31:59 UTC
18-Jul-2024 14:09:12.465 INFO [main] org.apache.catalina.startup.VersionLoggerListener.log Server 버전 번호:  10.1.25.0
18-Jul-2024 14:09:12.465 INFO [main] org.apache.catalina.startup.VersionLoggerListener.log 운영체제 이름:     Windows 11
18-Jul-2024 14:09:12.465 INFO [main] org.apache.catalina.startup.VersionLoggerListener.log 운영체제 버전:     10.0
18-Jul-2024 14:09:12.465 INFO [main] org.apache.catalina.startup.VersionLoggerListener.log 아키텍처:          amd64
18-Jul-2024 14:09:12.465 INFO [main] org.apache.catalina.startup.VersionLoggerListener.log 자바 홈:           C:\Program Files\Java\jdk-17
18-Jul-2024 14:09:12.466 INFO [main] org.apache.catalina.startup.VersionLoggerListener.log JVM 버전:          17.0.10+11-LTS-240
18-Jul-2024 14:09:12.466 INFO [main] org.apache.catalina.startup.VersionLoggerListener.log JVM 벤더:          Oracle Corporation
18-Jul-2024 14:09:12.466 INFO [main] org.apache.catalina.startup.VersionLoggerListener.log CATALINA_BASE:     D:\lecture\SpringFramework\_19_Spring_Board_Default
18-Jul-2024 14:09:12.466 INFO [main] org.apache.catalina.startup.VersionLoggerListener.log CATALINA_HOME:     C:\devTools\apache-tomcat-10.1.25
18-Jul-2024 14:09:12.472 INFO [main] org.apache.catalina.startup.VersionLoggerListener.log 명령 행 아규먼트:  --add-opens=java.base/java.lang=ALL-UNNAMED
18-Jul-2024 14:09:12.472 INFO [main] org.apache.catalina.startup.VersionLoggerListener.log 명령 행 아규먼트:  --add-opens=java.base/java.io=ALL-UNNAMED
18-Jul-2024 14:09:12.472 INFO [main] org.apache.catalina.startup.VersionLoggerListener.log 명령 행 아규먼트:  --add-opens=java.base/java.util=ALL-UNNAMED
18-Jul-2024 14:09:12.472 INFO [main] org.apache.catalina.startup.VersionLoggerListener.log 명령 행 아규먼트:  --add-opens=java.base/java.util.concurrent=ALL-UNNAMED
18-Jul-2024 14:09:12.472 INFO [main] org.apache.catalina.startup.VersionLoggerListener.log 명령 행 아규먼트:  --add-opens=java.rmi/sun.rmi.transport=ALL-UNNAMED
18-Jul-2024 14:09:12.472 INFO [main] org.apache.catalina.startup.VersionLoggerListener.log 명령 행 아규먼트:  -Dfile.encoding=UTF-8
18-Jul-2024 14:09:12.474 INFO [main] org.apache.catalina.startup.VersionLoggerListener.log 명령 행 아규먼트:  -Dcatalina.home=C:\devTools\apache-tomcat-10.1.25
18-Jul-2024 14:09:12.474 INFO [main] org.apache.catalina.startup.VersionLoggerListener.log 명령 행 아규먼트:  -Dcatalina.base=D:\lecture\SpringFramework\_19_Spring_Board_Default
18-Jul-2024 14:09:12.474 INFO [main] org.apache.catalina.startup.VersionLoggerListener.log 명령 행 아규먼트:  -Djava.io.tmpdir=D:\lecture\SpringFramework\_19_Spring_Board_Default\temp
18-Jul-2024 14:09:12.474 INFO [main] org.apache.catalina.startup.VersionLoggerListener.log 명령 행 아규먼트:  -Djava.util.logging.config.file=D:\lecture\SpringFramework\_19_Spring_Board_Default\conf\logging.properties
18-Jul-2024 14:09:12.474 INFO [main] org.apache.catalina.startup.VersionLoggerListener.log 명령 행 아규먼트:  -Djava.util.logging.manager=org.apache.juli.ClassLoaderLogManager
18-Jul-2024 14:09:12.474 INFO [main] org.apache.catalina.startup.VersionLoggerListener.log 명령 행 아규먼트:  -javaagent:C:\Program Files\JetBrains\IntelliJ IDEA 2024.1\lib\idea_rt.jar=53337:C:\Program Files\JetBrains\IntelliJ IDEA 2024.1\bin
18-Jul-2024 14:09:12.475 INFO [main] org.apache.catalina.core.AprLifecycleListener.lifecycleEvent APR 버전 [1.7.4]을(를) 사용한, APR 기반 Apache Tomcat Native 라이브러리 [2.0.7]을(를) 로드했습니다.
18-Jul-2024 14:09:12.478 INFO [main] org.apache.catalina.core.AprLifecycleListener.initializeSSL OpenSSL이 성공적으로 초기화되었습니다: [OpenSSL 3.0.13 30 Jan 2024]
18-Jul-2024 14:09:12.592 INFO [main] org.apache.coyote.AbstractProtocol.init 프로토콜 핸들러 ["http-nio-8090"]을(를) 초기화합니다.
18-Jul-2024 14:09:12.603 INFO [main] org.apache.catalina.startup.Catalina.load [254] 밀리초 내에 서버가 초기화되었습니다.
18-Jul-2024 14:09:12.630 INFO [main] org.apache.catalina.core.StandardService.startInternal 서비스 [Catalina]을(를) 시작합니다.
18-Jul-2024 14:09:12.630 INFO [main] org.apache.catalina.core.StandardEngine.startInternal 서버 엔진을 시작합니다: [Apache Tomcat/10.1.25]
18-Jul-2024 14:09:12.636 INFO [main] org.apache.catalina.startup.HostConfig.deployDescriptor 배치 descriptor [D:\lecture\SpringFramework\_19_Spring_Board_Default\conf\Catalina\localhost\ROOT.xml]을(를) 배치합니다.
18-Jul-2024 14:09:13.880 INFO [main] org.apache.jasper.servlet.TldScanner.scanJars 적어도 하나의 JAR가 TLD들을 찾기 위해 스캔되었으나 아무 것도 찾지 못했습니다. 스캔했으나 TLD가 없는 JAR들의 전체 목록을 보시려면, 로그 레벨을 디버그 레벨로 설정하십시오. 스캔 과정에서 불필요한 JAR들을 건너뛰면, 시스템 시작 시간과 JSP 컴파일 시간을 단축시킬 수 있습니다.
18-Jul-2024 14:09:13.922 INFO [main] org.springframework.web.context.ContextLoader.initWebApplicationContext Root WebApplicationContext: initialization started
18-Jul-2024 14:09:14.685 INFO [main] org.springframework.web.context.ContextLoader.initWebApplicationContext Root WebApplicationContext initialized in 761 ms
18-Jul-2024 14:09:14.719 INFO [main] org.springframework.web.servlet.FrameworkServlet.initServletBean Initializing Servlet 'appServlet'
18-Jul-2024 14:09:15.153 INFO [main] org.springframework.web.servlet.FrameworkServlet.initServletBean Completed initialization in 434 ms
18-Jul-2024 14:09:15.162 INFO [main] org.apache.catalina.startup.HostConfig.deployDescriptor 배치 descriptor [D:\lecture\SpringFramework\_19_Spring_Board_Default\conf\Catalina\localhost\ROOT.xml]의 배치가 [2,524] 밀리초 내에 완료되었습니다.
18-Jul-2024 14:09:15.164 INFO [main] org.apache.coyote.AbstractProtocol.start 프로토콜 핸들러 ["http-nio-8090"]을(를) 시작합니다.
18-Jul-2024 14:09:15.185 INFO [main] org.apache.catalina.startup.Catalina.start 서버가 [2581] 밀리초 내에 시작되었습니다.
18-Jul-2024 14:19:01.884 INFO [Thread-1] org.apache.coyote.AbstractProtocol.pause 프로토콜 핸들러 ["http-nio-8090"]을(를) 일시 정지 중
18-Jul-2024 14:19:01.953 INFO [Thread-1] org.apache.catalina.core.StandardService.stopInternal 서비스 [Catalina]을(를) 중지시킵니다.
18-Jul-2024 14:19:01.963 WARNING [Thread-1] org.apache.catalina.loader.WebappClassLoaderBase.clearReferencesJdbc 웹 애플리케이션 [ROOT]이(가) JDBC 드라이버 [com.mysql.cj.jdbc.Driver]을(를) 등록했지만, 웹 애플리케이션이 중지될 때, 해당 JDBC 드라이버의 등록을 제거하지 못했습니다. 메모리 누수를 방지하기 위하여, 등록을 강제로 제거했습니다.
18-Jul-2024 14:19:01.964 WARNING [Thread-1] org.apache.catalina.loader.WebappClassLoaderBase.clearReferencesThreads 웹 애플리케이션 [ROOT]이(가) [mysql-cj-abandoned-connection-cleanup](이)라는 이름의 쓰레드를 시작시킨 것으로 보이지만, 해당 쓰레드를 중지시키지 못했습니다. 이는 메모리 누수를 유발할 가능성이 큽니다. 해당 쓰레드의 스택 트레이스:
 java.base@17.0.10/java.lang.Object.wait(Native Method)
 java.base@17.0.10/java.lang.ref.ReferenceQueue.remove(ReferenceQueue.java:155)
 com.mysql.cj.jdbc.AbandonedConnectionCleanupThread.run(AbandonedConnectionCleanupThread.java:93)
 java.base@17.0.10/java.util.concurrent.ThreadPoolExecutor.runWorker(ThreadPoolExecutor.java:1136)
 java.base@17.0.10/java.util.concurrent.ThreadPoolExecutor$Worker.run(ThreadPoolExecutor.java:635)
 java.base@17.0.10/java.lang.Thread.run(Thread.java:842)
18-Jul-2024 14:19:01.967 INFO [Thread-1] org.apache.coyote.AbstractProtocol.stop 프로토콜 핸들러 ["http-nio-8090"]을(를) 중지시킵니다.
18-Jul-2024 14:19:01.992 INFO [Thread-1] org.apache.coyote.AbstractProtocol.destroy 프로토콜 핸들러 ["http-nio-8090"]을(를) 소멸시킵니다.
