22-Jul-2024 10:34:47.877 INFO [main] org.apache.catalina.startup.VersionLoggerListener.log 서버 버전 이름:    Apache Tomcat/10.1.25
22-Jul-2024 10:34:47.879 INFO [main] org.apache.catalina.startup.VersionLoggerListener.log Server 빌드 시각:  Jun 14 2024 19:31:59 UTC
22-Jul-2024 10:34:47.880 INFO [main] org.apache.catalina.startup.VersionLoggerListener.log Server 버전 번호:  10.1.25.0
22-Jul-2024 10:34:47.880 INFO [main] org.apache.catalina.startup.VersionLoggerListener.log 운영체제 이름:     Windows 11
22-Jul-2024 10:34:47.880 INFO [main] org.apache.catalina.startup.VersionLoggerListener.log 운영체제 버전:     10.0
22-Jul-2024 10:34:47.880 INFO [main] org.apache.catalina.startup.VersionLoggerListener.log 아키텍처:          amd64
22-Jul-2024 10:34:47.880 INFO [main] org.apache.catalina.startup.VersionLoggerListener.log 자바 홈:           C:\Program Files\Java\jdk-17
22-Jul-2024 10:34:47.880 INFO [main] org.apache.catalina.startup.VersionLoggerListener.log JVM 버전:          17.0.10+11-LTS-240
22-Jul-2024 10:34:47.880 INFO [main] org.apache.catalina.startup.VersionLoggerListener.log JVM 벤더:          Oracle Corporation
22-Jul-2024 10:34:47.880 INFO [main] org.apache.catalina.startup.VersionLoggerListener.log CATALINA_BASE:     D:\lecture\SpringFramework\_21_Spring_Board_Fileupload
22-Jul-2024 10:34:47.880 INFO [main] org.apache.catalina.startup.VersionLoggerListener.log CATALINA_HOME:     C:\devTools\apache-tomcat-10.1.25
22-Jul-2024 10:34:47.887 INFO [main] org.apache.catalina.startup.VersionLoggerListener.log 명령 행 아규먼트:  --add-opens=java.base/java.lang=ALL-UNNAMED
22-Jul-2024 10:34:47.887 INFO [main] org.apache.catalina.startup.VersionLoggerListener.log 명령 행 아규먼트:  --add-opens=java.base/java.io=ALL-UNNAMED
22-Jul-2024 10:34:47.887 INFO [main] org.apache.catalina.startup.VersionLoggerListener.log 명령 행 아규먼트:  --add-opens=java.base/java.util=ALL-UNNAMED
22-Jul-2024 10:34:47.887 INFO [main] org.apache.catalina.startup.VersionLoggerListener.log 명령 행 아규먼트:  --add-opens=java.base/java.util.concurrent=ALL-UNNAMED
22-Jul-2024 10:34:47.887 INFO [main] org.apache.catalina.startup.VersionLoggerListener.log 명령 행 아규먼트:  --add-opens=java.rmi/sun.rmi.transport=ALL-UNNAMED
22-Jul-2024 10:34:47.887 INFO [main] org.apache.catalina.startup.VersionLoggerListener.log 명령 행 아규먼트:  -Dfile.encoding=UTF-8
22-Jul-2024 10:34:47.887 INFO [main] org.apache.catalina.startup.VersionLoggerListener.log 명령 행 아규먼트:  -Dcatalina.home=C:\devTools\apache-tomcat-10.1.25
22-Jul-2024 10:34:47.888 INFO [main] org.apache.catalina.startup.VersionLoggerListener.log 명령 행 아규먼트:  -Dcatalina.base=D:\lecture\SpringFramework\_21_Spring_Board_Fileupload
22-Jul-2024 10:34:47.888 INFO [main] org.apache.catalina.startup.VersionLoggerListener.log 명령 행 아규먼트:  -Djava.io.tmpdir=D:\lecture\SpringFramework\_21_Spring_Board_Fileupload\temp
22-Jul-2024 10:34:47.888 INFO [main] org.apache.catalina.startup.VersionLoggerListener.log 명령 행 아규먼트:  -Djava.util.logging.config.file=D:\lecture\SpringFramework\_21_Spring_Board_Fileupload\conf\logging.properties
22-Jul-2024 10:34:47.888 INFO [main] org.apache.catalina.startup.VersionLoggerListener.log 명령 행 아규먼트:  -Djava.util.logging.manager=org.apache.juli.ClassLoaderLogManager
22-Jul-2024 10:34:47.888 INFO [main] org.apache.catalina.startup.VersionLoggerListener.log 명령 행 아규먼트:  -javaagent:C:\Program Files\JetBrains\IntelliJ IDEA 2024.1\lib\idea_rt.jar=61842:C:\Program Files\JetBrains\IntelliJ IDEA 2024.1\bin
22-Jul-2024 10:34:47.912 INFO [main] org.apache.catalina.core.AprLifecycleListener.lifecycleEvent APR 버전 [1.7.4]을(를) 사용한, APR 기반 Apache Tomcat Native 라이브러리 [2.0.7]을(를) 로드했습니다.
22-Jul-2024 10:34:47.925 INFO [main] org.apache.catalina.core.AprLifecycleListener.initializeSSL OpenSSL이 성공적으로 초기화되었습니다: [OpenSSL 3.0.13 30 Jan 2024]
22-Jul-2024 10:34:48.049 INFO [main] org.apache.coyote.AbstractProtocol.init 프로토콜 핸들러 ["http-nio-8090"]을(를) 초기화합니다.
22-Jul-2024 10:34:48.060 INFO [main] org.apache.catalina.startup.Catalina.load [335] 밀리초 내에 서버가 초기화되었습니다.
22-Jul-2024 10:34:48.092 INFO [main] org.apache.catalina.core.StandardService.startInternal 서비스 [Catalina]을(를) 시작합니다.
22-Jul-2024 10:34:48.092 INFO [main] org.apache.catalina.core.StandardEngine.startInternal 서버 엔진을 시작합니다: [Apache Tomcat/10.1.25]
22-Jul-2024 10:34:48.102 INFO [main] org.apache.catalina.startup.HostConfig.deployDescriptor 배치 descriptor [D:\lecture\SpringFramework\_21_Spring_Board_Fileupload\conf\Catalina\localhost\ROOT.xml]을(를) 배치합니다.
22-Jul-2024 10:34:49.676 INFO [main] org.apache.jasper.servlet.TldScanner.scanJars 적어도 하나의 JAR가 TLD들을 찾기 위해 스캔되었으나 아무 것도 찾지 못했습니다. 스캔했으나 TLD가 없는 JAR들의 전체 목록을 보시려면, 로그 레벨을 디버그 레벨로 설정하십시오. 스캔 과정에서 불필요한 JAR들을 건너뛰면, 시스템 시작 시간과 JSP 컴파일 시간을 단축시킬 수 있습니다.
22-Jul-2024 10:34:49.724 INFO [main] org.springframework.web.context.ContextLoader.initWebApplicationContext Root WebApplicationContext: initialization started
22-Jul-2024 10:34:50.709 INFO [main] org.springframework.web.context.ContextLoader.initWebApplicationContext Root WebApplicationContext initialized in 985 ms
22-Jul-2024 10:34:50.749 INFO [main] org.apache.catalina.startup.HostConfig.deployDescriptor 배치 descriptor [D:\lecture\SpringFramework\_21_Spring_Board_Fileupload\conf\Catalina\localhost\ROOT.xml]의 배치가 [2,644] 밀리초 내에 완료되었습니다.
22-Jul-2024 10:34:50.753 INFO [main] org.apache.coyote.AbstractProtocol.start 프로토콜 핸들러 ["http-nio-8090"]을(를) 시작합니다.
22-Jul-2024 10:34:50.780 INFO [main] org.apache.catalina.startup.Catalina.start 서버가 [2719] 밀리초 내에 시작되었습니다.
22-Jul-2024 10:34:52.542 INFO [http-nio-8090-exec-1] org.springframework.web.servlet.FrameworkServlet.initServletBean Initializing Servlet 'appServlet'
22-Jul-2024 10:34:53.069 INFO [http-nio-8090-exec-1] org.springframework.web.servlet.FrameworkServlet.initServletBean Completed initialization in 527 ms
22-Jul-2024 10:36:14.324 WARNING [http-nio-8090-exec-2] org.springframework.core.LocalVariableTableParameterNameDiscoverer.inspectClass Using deprecated '-debug' fallback for parameter name resolution. Compile the affected code with '-parameters' instead or avoid its introspection: com.bit.springboard.controller.BoardController
22-Jul-2024 12:03:41.569 INFO [Thread-1] org.apache.coyote.AbstractProtocol.pause 프로토콜 핸들러 ["http-nio-8090"]을(를) 일시 정지 중
22-Jul-2024 12:03:41.827 INFO [Thread-1] org.apache.catalina.core.StandardService.stopInternal 서비스 [Catalina]을(를) 중지시킵니다.
22-Jul-2024 12:03:41.892 WARNING [Thread-1] org.apache.catalina.loader.WebappClassLoaderBase.clearReferencesJdbc 웹 애플리케이션 [ROOT]이(가) JDBC 드라이버 [com.mysql.cj.jdbc.Driver]을(를) 등록했지만, 웹 애플리케이션이 중지될 때, 해당 JDBC 드라이버의 등록을 제거하지 못했습니다. 메모리 누수를 방지하기 위하여, 등록을 강제로 제거했습니다.
22-Jul-2024 12:03:41.892 WARNING [Thread-1] org.apache.catalina.loader.WebappClassLoaderBase.clearReferencesThreads 웹 애플리케이션 [ROOT]이(가) [mysql-cj-abandoned-connection-cleanup](이)라는 이름의 쓰레드를 시작시킨 것으로 보이지만, 해당 쓰레드를 중지시키지 못했습니다. 이는 메모리 누수를 유발할 가능성이 큽니다. 해당 쓰레드의 스택 트레이스:
 java.base@17.0.10/java.lang.Object.wait(Native Method)
 java.base@17.0.10/java.lang.ref.ReferenceQueue.remove(ReferenceQueue.java:155)
 com.mysql.cj.jdbc.AbandonedConnectionCleanupThread.run(AbandonedConnectionCleanupThread.java:93)
 java.base@17.0.10/java.util.concurrent.ThreadPoolExecutor.runWorker(ThreadPoolExecutor.java:1136)
 java.base@17.0.10/java.util.concurrent.ThreadPoolExecutor$Worker.run(ThreadPoolExecutor.java:635)
 java.base@17.0.10/java.lang.Thread.run(Thread.java:842)
22-Jul-2024 12:03:41.906 INFO [Thread-1] org.apache.coyote.AbstractProtocol.stop 프로토콜 핸들러 ["http-nio-8090"]을(를) 중지시킵니다.
22-Jul-2024 12:03:41.913 INFO [Thread-1] org.apache.coyote.AbstractProtocol.destroy 프로토콜 핸들러 ["http-nio-8090"]을(를) 소멸시킵니다.
22-Jul-2024 16:38:55.258 INFO [main] org.apache.catalina.startup.VersionLoggerListener.log 서버 버전 이름:    Apache Tomcat/10.1.25
22-Jul-2024 16:38:55.261 INFO [main] org.apache.catalina.startup.VersionLoggerListener.log Server 빌드 시각:  Jun 14 2024 19:31:59 UTC
22-Jul-2024 16:38:55.261 INFO [main] org.apache.catalina.startup.VersionLoggerListener.log Server 버전 번호:  10.1.25.0
22-Jul-2024 16:38:55.261 INFO [main] org.apache.catalina.startup.VersionLoggerListener.log 운영체제 이름:     Windows 11
22-Jul-2024 16:38:55.261 INFO [main] org.apache.catalina.startup.VersionLoggerListener.log 운영체제 버전:     10.0
22-Jul-2024 16:38:55.261 INFO [main] org.apache.catalina.startup.VersionLoggerListener.log 아키텍처:          amd64
22-Jul-2024 16:38:55.261 INFO [main] org.apache.catalina.startup.VersionLoggerListener.log 자바 홈:           C:\Program Files\Java\jdk-17
22-Jul-2024 16:38:55.262 INFO [main] org.apache.catalina.startup.VersionLoggerListener.log JVM 버전:          17.0.10+11-LTS-240
22-Jul-2024 16:38:55.262 INFO [main] org.apache.catalina.startup.VersionLoggerListener.log JVM 벤더:          Oracle Corporation
22-Jul-2024 16:38:55.262 INFO [main] org.apache.catalina.startup.VersionLoggerListener.log CATALINA_BASE:     D:\lecture\SpringFramework\_21_Spring_Board_Fileupload
22-Jul-2024 16:38:55.262 INFO [main] org.apache.catalina.startup.VersionLoggerListener.log CATALINA_HOME:     C:\devTools\apache-tomcat-10.1.25
22-Jul-2024 16:38:55.267 INFO [main] org.apache.catalina.startup.VersionLoggerListener.log 명령 행 아규먼트:  --add-opens=java.base/java.lang=ALL-UNNAMED
22-Jul-2024 16:38:55.267 INFO [main] org.apache.catalina.startup.VersionLoggerListener.log 명령 행 아규먼트:  --add-opens=java.base/java.io=ALL-UNNAMED
22-Jul-2024 16:38:55.267 INFO [main] org.apache.catalina.startup.VersionLoggerListener.log 명령 행 아규먼트:  --add-opens=java.base/java.util=ALL-UNNAMED
22-Jul-2024 16:38:55.267 INFO [main] org.apache.catalina.startup.VersionLoggerListener.log 명령 행 아규먼트:  --add-opens=java.base/java.util.concurrent=ALL-UNNAMED
22-Jul-2024 16:38:55.267 INFO [main] org.apache.catalina.startup.VersionLoggerListener.log 명령 행 아규먼트:  --add-opens=java.rmi/sun.rmi.transport=ALL-UNNAMED
22-Jul-2024 16:38:55.267 INFO [main] org.apache.catalina.startup.VersionLoggerListener.log 명령 행 아규먼트:  -Dfile.encoding=UTF-8
22-Jul-2024 16:38:55.268 INFO [main] org.apache.catalina.startup.VersionLoggerListener.log 명령 행 아규먼트:  -Dcatalina.home=C:\devTools\apache-tomcat-10.1.25
22-Jul-2024 16:38:55.268 INFO [main] org.apache.catalina.startup.VersionLoggerListener.log 명령 행 아규먼트:  -Dcatalina.base=D:\lecture\SpringFramework\_21_Spring_Board_Fileupload
22-Jul-2024 16:38:55.268 INFO [main] org.apache.catalina.startup.VersionLoggerListener.log 명령 행 아규먼트:  -Djava.io.tmpdir=D:\lecture\SpringFramework\_21_Spring_Board_Fileupload\temp
22-Jul-2024 16:38:55.268 INFO [main] org.apache.catalina.startup.VersionLoggerListener.log 명령 행 아규먼트:  -Djava.util.logging.config.file=D:\lecture\SpringFramework\_21_Spring_Board_Fileupload\conf\logging.properties
22-Jul-2024 16:38:55.268 INFO [main] org.apache.catalina.startup.VersionLoggerListener.log 명령 행 아규먼트:  -Djava.util.logging.manager=org.apache.juli.ClassLoaderLogManager
22-Jul-2024 16:38:55.268 INFO [main] org.apache.catalina.startup.VersionLoggerListener.log 명령 행 아규먼트:  -javaagent:C:\Program Files\JetBrains\IntelliJ IDEA 2024.1\lib\idea_rt.jar=65196:C:\Program Files\JetBrains\IntelliJ IDEA 2024.1\bin
22-Jul-2024 16:38:55.291 INFO [main] org.apache.catalina.core.AprLifecycleListener.lifecycleEvent APR 버전 [1.7.4]을(를) 사용한, APR 기반 Apache Tomcat Native 라이브러리 [2.0.7]을(를) 로드했습니다.
22-Jul-2024 16:38:55.295 INFO [main] org.apache.catalina.core.AprLifecycleListener.initializeSSL OpenSSL이 성공적으로 초기화되었습니다: [OpenSSL 3.0.13 30 Jan 2024]
22-Jul-2024 16:38:55.403 INFO [main] org.apache.coyote.AbstractProtocol.init 프로토콜 핸들러 ["http-nio-8090"]을(를) 초기화합니다.
22-Jul-2024 16:38:55.411 INFO [main] org.apache.catalina.startup.Catalina.load [269] 밀리초 내에 서버가 초기화되었습니다.
22-Jul-2024 16:38:55.442 INFO [main] org.apache.catalina.core.StandardService.startInternal 서비스 [Catalina]을(를) 시작합니다.
22-Jul-2024 16:38:55.442 INFO [main] org.apache.catalina.core.StandardEngine.startInternal 서버 엔진을 시작합니다: [Apache Tomcat/10.1.25]
22-Jul-2024 16:38:55.451 INFO [main] org.apache.catalina.startup.HostConfig.deployDescriptor 배치 descriptor [D:\lecture\SpringFramework\_21_Spring_Board_Fileupload\conf\Catalina\localhost\ROOT.xml]을(를) 배치합니다.
22-Jul-2024 16:38:56.961 INFO [main] org.apache.jasper.servlet.TldScanner.scanJars 적어도 하나의 JAR가 TLD들을 찾기 위해 스캔되었으나 아무 것도 찾지 못했습니다. 스캔했으나 TLD가 없는 JAR들의 전체 목록을 보시려면, 로그 레벨을 디버그 레벨로 설정하십시오. 스캔 과정에서 불필요한 JAR들을 건너뛰면, 시스템 시작 시간과 JSP 컴파일 시간을 단축시킬 수 있습니다.
22-Jul-2024 16:38:57.012 INFO [main] org.springframework.web.context.ContextLoader.initWebApplicationContext Root WebApplicationContext: initialization started
22-Jul-2024 16:38:57.948 INFO [main] org.springframework.web.context.ContextLoader.initWebApplicationContext Root WebApplicationContext initialized in 935 ms
22-Jul-2024 16:38:58.007 INFO [main] org.apache.catalina.startup.HostConfig.deployDescriptor 배치 descriptor [D:\lecture\SpringFramework\_21_Spring_Board_Fileupload\conf\Catalina\localhost\ROOT.xml]의 배치가 [2,554] 밀리초 내에 완료되었습니다.
22-Jul-2024 16:38:58.011 INFO [main] org.apache.coyote.AbstractProtocol.start 프로토콜 핸들러 ["http-nio-8090"]을(를) 시작합니다.
22-Jul-2024 16:38:58.060 INFO [main] org.apache.catalina.startup.Catalina.start 서버가 [2648] 밀리초 내에 시작되었습니다.
22-Jul-2024 16:39:07.459 INFO [http-nio-8090-exec-1] org.springframework.web.servlet.FrameworkServlet.initServletBean Initializing Servlet 'appServlet'
22-Jul-2024 16:39:07.997 INFO [http-nio-8090-exec-1] org.springframework.web.servlet.FrameworkServlet.initServletBean Completed initialization in 538 ms
22-Jul-2024 16:40:15.647 WARNING [http-nio-8090-exec-5] org.springframework.core.LocalVariableTableParameterNameDiscoverer.inspectClass Using deprecated '-debug' fallback for parameter name resolution. Compile the affected code with '-parameters' instead or avoid its introspection: com.bit.springboard.controller.BoardController
22-Jul-2024 16:46:15.385 INFO [Thread-1] org.apache.coyote.AbstractProtocol.pause 프로토콜 핸들러 ["http-nio-8090"]을(를) 일시 정지 중
22-Jul-2024 16:46:15.639 INFO [Thread-1] org.apache.catalina.core.StandardService.stopInternal 서비스 [Catalina]을(를) 중지시킵니다.
22-Jul-2024 16:46:15.650 WARNING [Thread-1] org.apache.catalina.loader.WebappClassLoaderBase.clearReferencesJdbc 웹 애플리케이션 [ROOT]이(가) JDBC 드라이버 [com.mysql.cj.jdbc.Driver]을(를) 등록했지만, 웹 애플리케이션이 중지될 때, 해당 JDBC 드라이버의 등록을 제거하지 못했습니다. 메모리 누수를 방지하기 위하여, 등록을 강제로 제거했습니다.
22-Jul-2024 16:46:15.650 WARNING [Thread-1] org.apache.catalina.loader.WebappClassLoaderBase.clearReferencesThreads 웹 애플리케이션 [ROOT]이(가) [mysql-cj-abandoned-connection-cleanup](이)라는 이름의 쓰레드를 시작시킨 것으로 보이지만, 해당 쓰레드를 중지시키지 못했습니다. 이는 메모리 누수를 유발할 가능성이 큽니다. 해당 쓰레드의 스택 트레이스:
 java.base@17.0.10/java.lang.Object.wait(Native Method)
 java.base@17.0.10/java.lang.ref.ReferenceQueue.remove(ReferenceQueue.java:155)
 com.mysql.cj.jdbc.AbandonedConnectionCleanupThread.run(AbandonedConnectionCleanupThread.java:93)
 java.base@17.0.10/java.util.concurrent.ThreadPoolExecutor.runWorker(ThreadPoolExecutor.java:1136)
 java.base@17.0.10/java.util.concurrent.ThreadPoolExecutor$Worker.run(ThreadPoolExecutor.java:635)
 java.base@17.0.10/java.lang.Thread.run(Thread.java:842)
22-Jul-2024 16:46:15.654 INFO [Thread-1] org.apache.coyote.AbstractProtocol.stop 프로토콜 핸들러 ["http-nio-8090"]을(를) 중지시킵니다.
22-Jul-2024 16:46:15.664 INFO [Thread-1] org.apache.coyote.AbstractProtocol.destroy 프로토콜 핸들러 ["http-nio-8090"]을(를) 소멸시킵니다.
22-Jul-2024 17:12:01.367 INFO [main] org.apache.catalina.startup.VersionLoggerListener.log 서버 버전 이름:    Apache Tomcat/10.1.25
22-Jul-2024 17:12:01.370 INFO [main] org.apache.catalina.startup.VersionLoggerListener.log Server 빌드 시각:  Jun 14 2024 19:31:59 UTC
22-Jul-2024 17:12:01.370 INFO [main] org.apache.catalina.startup.VersionLoggerListener.log Server 버전 번호:  10.1.25.0
22-Jul-2024 17:12:01.370 INFO [main] org.apache.catalina.startup.VersionLoggerListener.log 운영체제 이름:     Windows 11
22-Jul-2024 17:12:01.370 INFO [main] org.apache.catalina.startup.VersionLoggerListener.log 운영체제 버전:     10.0
22-Jul-2024 17:12:01.370 INFO [main] org.apache.catalina.startup.VersionLoggerListener.log 아키텍처:          amd64
22-Jul-2024 17:12:01.370 INFO [main] org.apache.catalina.startup.VersionLoggerListener.log 자바 홈:           C:\Program Files\Java\jdk-17
22-Jul-2024 17:12:01.370 INFO [main] org.apache.catalina.startup.VersionLoggerListener.log JVM 버전:          17.0.10+11-LTS-240
22-Jul-2024 17:12:01.370 INFO [main] org.apache.catalina.startup.VersionLoggerListener.log JVM 벤더:          Oracle Corporation
22-Jul-2024 17:12:01.371 INFO [main] org.apache.catalina.startup.VersionLoggerListener.log CATALINA_BASE:     D:\lecture\SpringFramework\_21_Spring_Board_Fileupload
22-Jul-2024 17:12:01.371 INFO [main] org.apache.catalina.startup.VersionLoggerListener.log CATALINA_HOME:     C:\devTools\apache-tomcat-10.1.25
22-Jul-2024 17:12:01.375 INFO [main] org.apache.catalina.startup.VersionLoggerListener.log 명령 행 아규먼트:  --add-opens=java.base/java.lang=ALL-UNNAMED
22-Jul-2024 17:12:01.375 INFO [main] org.apache.catalina.startup.VersionLoggerListener.log 명령 행 아규먼트:  --add-opens=java.base/java.io=ALL-UNNAMED
22-Jul-2024 17:12:01.375 INFO [main] org.apache.catalina.startup.VersionLoggerListener.log 명령 행 아규먼트:  --add-opens=java.base/java.util=ALL-UNNAMED
22-Jul-2024 17:12:01.375 INFO [main] org.apache.catalina.startup.VersionLoggerListener.log 명령 행 아규먼트:  --add-opens=java.base/java.util.concurrent=ALL-UNNAMED
22-Jul-2024 17:12:01.375 INFO [main] org.apache.catalina.startup.VersionLoggerListener.log 명령 행 아규먼트:  --add-opens=java.rmi/sun.rmi.transport=ALL-UNNAMED
22-Jul-2024 17:12:01.375 INFO [main] org.apache.catalina.startup.VersionLoggerListener.log 명령 행 아규먼트:  -Dfile.encoding=UTF-8
22-Jul-2024 17:12:01.375 INFO [main] org.apache.catalina.startup.VersionLoggerListener.log 명령 행 아규먼트:  -Dcatalina.home=C:\devTools\apache-tomcat-10.1.25
22-Jul-2024 17:12:01.375 INFO [main] org.apache.catalina.startup.VersionLoggerListener.log 명령 행 아규먼트:  -Dcatalina.base=D:\lecture\SpringFramework\_21_Spring_Board_Fileupload
22-Jul-2024 17:12:01.375 INFO [main] org.apache.catalina.startup.VersionLoggerListener.log 명령 행 아규먼트:  -Djava.io.tmpdir=D:\lecture\SpringFramework\_21_Spring_Board_Fileupload\temp
22-Jul-2024 17:12:01.375 INFO [main] org.apache.catalina.startup.VersionLoggerListener.log 명령 행 아규먼트:  -Djava.util.logging.config.file=D:\lecture\SpringFramework\_21_Spring_Board_Fileupload\conf\logging.properties
22-Jul-2024 17:12:01.375 INFO [main] org.apache.catalina.startup.VersionLoggerListener.log 명령 행 아규먼트:  -Djava.util.logging.manager=org.apache.juli.ClassLoaderLogManager
22-Jul-2024 17:12:01.377 INFO [main] org.apache.catalina.startup.VersionLoggerListener.log 명령 행 아규먼트:  -javaagent:C:\Program Files\JetBrains\IntelliJ IDEA 2024.1\lib\idea_rt.jar=49209:C:\Program Files\JetBrains\IntelliJ IDEA 2024.1\bin
22-Jul-2024 17:12:01.379 INFO [main] org.apache.catalina.core.AprLifecycleListener.lifecycleEvent APR 버전 [1.7.4]을(를) 사용한, APR 기반 Apache Tomcat Native 라이브러리 [2.0.7]을(를) 로드했습니다.
22-Jul-2024 17:12:01.383 INFO [main] org.apache.catalina.core.AprLifecycleListener.initializeSSL OpenSSL이 성공적으로 초기화되었습니다: [OpenSSL 3.0.13 30 Jan 2024]
22-Jul-2024 17:12:01.503 INFO [main] org.apache.coyote.AbstractProtocol.init 프로토콜 핸들러 ["http-nio-8090"]을(를) 초기화합니다.
22-Jul-2024 17:12:01.513 INFO [main] org.apache.catalina.startup.Catalina.load [256] 밀리초 내에 서버가 초기화되었습니다.
22-Jul-2024 17:12:01.539 INFO [main] org.apache.catalina.core.StandardService.startInternal 서비스 [Catalina]을(를) 시작합니다.
22-Jul-2024 17:12:01.539 INFO [main] org.apache.catalina.core.StandardEngine.startInternal 서버 엔진을 시작합니다: [Apache Tomcat/10.1.25]
22-Jul-2024 17:12:01.546 INFO [main] org.apache.catalina.startup.HostConfig.deployDescriptor 배치 descriptor [D:\lecture\SpringFramework\_21_Spring_Board_Fileupload\conf\Catalina\localhost\ROOT.xml]을(를) 배치합니다.
22-Jul-2024 17:12:03.098 INFO [main] org.apache.jasper.servlet.TldScanner.scanJars 적어도 하나의 JAR가 TLD들을 찾기 위해 스캔되었으나 아무 것도 찾지 못했습니다. 스캔했으나 TLD가 없는 JAR들의 전체 목록을 보시려면, 로그 레벨을 디버그 레벨로 설정하십시오. 스캔 과정에서 불필요한 JAR들을 건너뛰면, 시스템 시작 시간과 JSP 컴파일 시간을 단축시킬 수 있습니다.
22-Jul-2024 17:12:03.148 INFO [main] org.springframework.web.context.ContextLoader.initWebApplicationContext Root WebApplicationContext: initialization started
22-Jul-2024 17:12:04.116 INFO [main] org.springframework.web.context.ContextLoader.initWebApplicationContext Root WebApplicationContext initialized in 966 ms
22-Jul-2024 17:12:04.179 INFO [main] org.apache.catalina.startup.HostConfig.deployDescriptor 배치 descriptor [D:\lecture\SpringFramework\_21_Spring_Board_Fileupload\conf\Catalina\localhost\ROOT.xml]의 배치가 [2,632] 밀리초 내에 완료되었습니다.
22-Jul-2024 17:12:04.183 INFO [main] org.apache.coyote.AbstractProtocol.start 프로토콜 핸들러 ["http-nio-8090"]을(를) 시작합니다.
22-Jul-2024 17:12:04.229 INFO [main] org.apache.catalina.startup.Catalina.start 서버가 [2716] 밀리초 내에 시작되었습니다.
22-Jul-2024 17:12:06.097 INFO [http-nio-8090-exec-2] org.springframework.web.servlet.FrameworkServlet.initServletBean Initializing Servlet 'appServlet'
22-Jul-2024 17:12:06.656 INFO [http-nio-8090-exec-2] org.springframework.web.servlet.FrameworkServlet.initServletBean Completed initialization in 559 ms
22-Jul-2024 17:12:45.858 WARNING [http-nio-8090-exec-10] org.springframework.core.LocalVariableTableParameterNameDiscoverer.inspectClass Using deprecated '-debug' fallback for parameter name resolution. Compile the affected code with '-parameters' instead or avoid its introspection: com.bit.springboard.controller.BoardController
22-Jul-2024 19:50:07.447 INFO [Thread-1] org.apache.coyote.AbstractProtocol.pause 프로토콜 핸들러 ["http-nio-8090"]을(를) 일시 정지 중
22-Jul-2024 19:50:07.698 INFO [Thread-1] org.apache.catalina.core.StandardService.stopInternal 서비스 [Catalina]을(를) 중지시킵니다.
22-Jul-2024 19:50:07.713 WARNING [Thread-1] org.apache.catalina.loader.WebappClassLoaderBase.clearReferencesJdbc 웹 애플리케이션 [ROOT]이(가) JDBC 드라이버 [com.mysql.cj.jdbc.Driver]을(를) 등록했지만, 웹 애플리케이션이 중지될 때, 해당 JDBC 드라이버의 등록을 제거하지 못했습니다. 메모리 누수를 방지하기 위하여, 등록을 강제로 제거했습니다.
22-Jul-2024 19:50:07.713 WARNING [Thread-1] org.apache.catalina.loader.WebappClassLoaderBase.clearReferencesThreads 웹 애플리케이션 [ROOT]이(가) [mysql-cj-abandoned-connection-cleanup](이)라는 이름의 쓰레드를 시작시킨 것으로 보이지만, 해당 쓰레드를 중지시키지 못했습니다. 이는 메모리 누수를 유발할 가능성이 큽니다. 해당 쓰레드의 스택 트레이스:
 java.base@17.0.10/java.lang.Object.wait(Native Method)
 java.base@17.0.10/java.lang.ref.ReferenceQueue.remove(ReferenceQueue.java:155)
 com.mysql.cj.jdbc.AbandonedConnectionCleanupThread.run(AbandonedConnectionCleanupThread.java:93)
 java.base@17.0.10/java.util.concurrent.ThreadPoolExecutor.runWorker(ThreadPoolExecutor.java:1136)
 java.base@17.0.10/java.util.concurrent.ThreadPoolExecutor$Worker.run(ThreadPoolExecutor.java:635)
 java.base@17.0.10/java.lang.Thread.run(Thread.java:842)
22-Jul-2024 19:50:07.717 INFO [Thread-1] org.apache.coyote.AbstractProtocol.stop 프로토콜 핸들러 ["http-nio-8090"]을(를) 중지시킵니다.
22-Jul-2024 19:50:07.728 INFO [Thread-1] org.apache.coyote.AbstractProtocol.destroy 프로토콜 핸들러 ["http-nio-8090"]을(를) 소멸시킵니다.
